<?xml version="1.0" encoding="UTF-8"?>
<!-- Generated by org.testng.reporters.JUnitReportReporter -->
<testsuite hostname="LP-PF2Y0PN8" name="Selenium1.CalculatorTest" tests="2" failures="0" timestamp="2 Aug 2021 10:00:36 GMT" time="0.013" errors="0">
  <testcase name="testSub" time="0.002" classname="Selenium1.CalculatorTest"/>
  <testcase name="testMul" time="0.011" classname="Selenium1.CalculatorTest"/>
</testsuite> <!-- Selenium1.CalculatorTest -->
